-1837086
-834601712
-383416493
693339811
-511403965
-2105967219
1603499721
733754839
-299751026
-705780103
1759865204
-1388277963
-277157052
1925135205
457704041
21880295
-926802873
461780312
16147896
395455782
-620779360
-2031757489
-104716849
844379081
714502012
4920804
-278781153
-333060834
-1780849288
391333452
-1076018689
1290713853
-1418717410
2137606278
-1487922479
143133977
583225262
-1462853424
-1533343646
-1174992487
-1451562976
-1768410019
-1250412394
-621468954
-223608215
-110256827
474981188
1093732038
-2014366467
-799716931
387517279
1321169578
1570663061
1590090375
-788894123
-1831569085
850033201
2095084715
-632060485
-128774822
769899360
1798503015
-355647703
-1974868511
1451301567
-496738461
420367970
1481772868
-1738181954
-14250968
1780759992
-1087062524
643509418
-1879800621
-1581080402
-1031588217
-1451594266
-1024538875
2054180062
-1020994007
-1251060356
172692253
-338379491
-1836267114
563219924
-2074405719
1406534364
461986906
-416893246
1014013465
1197074897
-575287879
-110138427
454912949
2005086677
-1598118213
-1248793971
1907859920
-1838284017
-1104704117
1239850429
1173060157
-788725678
1817309697
391581682
565564674
544906180
-1452707971
525208324
1772789835
-1930915393
-371984394
513992587
-2111485023
-367940101
17898578
-719990620
993049179
1141915372
-288029193
41353205
-1512609452
-1908548760
836826529
-231262739
593738718
1873239692
-136029322
-1538198960
-349985803
678051296
1120853079
594424050
-1665001033
-99705415
-911419272
-869880126
-1619257837
-2143041570
-1431484622
-596706550
-526515008
630909038
-1098318825
-988751628
152166769
-1556728576
-1603229370
1569305935
-107645882
-249503220
-98028799
1026831507
2058576261
-1989768568
-548722564
1466834210
-1206845303
-1740182058
-1776323081
1270620624
-1320276486
38610909
85500942
721506469
349408574
-874526860
-1686161329
1207445985
2109664558
-950966521
1188367117
-814243009
1155843084
-993023116
1187554931
-1393648770
-1462176075
1023986998
873923291
-1121680868
559963922
1648234436
-1529072544
-1661585564
315606484
503040827
-1480008271
-676173653
-1930149024
437644346
280722472
-1188500267
1248607238
68292108
-778444518
917824798
806841209
-1592356084
2067295344
-389962217
1001894779
-2012717243
2028067958
-674845459
1011065303
-705226408
-1360279822
1555506417
554099092
2022839714
921767800
-1180319405
-440661145
-1453437027
-200478979
-1809453263
-1802598039
2097681799
1812357289
-1677745200
-357924343
1924221504
-1861941264
1717259048
2079063619
1372021112
526771171
-1545626971
-845299951
1610250761
-1512610878
529746987
-1974766046
-1365165408
-800476970
1894843739
1622300105
1969968291
-910605955
-1917063404
1091972151
-771829426
2057767302
-1006124740
-571441683
-549810913
-1552753730
1926186688
-1437445269
-1650817676
-1207840565
-1281319464
279490093
786488433
1852032823
------
[105, 69, 70, 88, 7, 94, 0, 64, 0, 57, 3, 117, 93, 108, 50, 15, 18, 79, 39, 98, 39, 108, 34, 21, 71, 118, 121, 26, 112]
